<?xml version="1.0" encoding="UTF-8"?>
<!-- Generated by org.testng.reporters.JUnitXMLReporter -->
<testsuite ignored="0" hostname="DESKTOP-AGOQQT3" failures="1" tests="3" name="paramtertest2" time="16.09" errors="0" timestamp="2024-01-17T12:54:12 IST">
  <testcase classname="Demo3.Task.Parameterization" name="logoTest" time="5.08"/>
  <testcase classname="Demo3.Task.Parameterization" name="homepageTitle" time="0.019"/>
  <testcase classname="Demo3.Task.Parameterization" name="test" time="5.43">
    <failure type="java.lang.AssertionError" message="expected [true] but found [false]">
      <![CDATA[java.lang.AssertionError: expected [true] but found [false]
at Demo3.Task.Parameterization.test(Parameterization.java:79)
at java.base/java.util.ArrayList.forEach(ArrayList.java:1596)
... Removed 31 stack frames]]>
    </failure>
  </testcase> <!-- test -->
</testsuite> <!-- paramtertest2 -->
